<?xml version="1.0" encoding="UTF-8"?>
<testng-results skipped="0" failed="0" total="1" passed="1">
  <reporter-output>
  </reporter-output>
  <suite name="Suite" duration-ms="23073" started-at="2022-06-19T11:00:29Z" finished-at="2022-06-19T11:00:53Z">
    <groups>
    </groups>
    <test name="Publish Fails upon using long Article Title" duration-ms="23073" started-at="2022-06-19T11:00:29Z" finished-at="2022-06-19T11:00:53Z">
      <class name="tabSquare.Test1">
        <test-method status="PASS" signature="initialize()[pri:0, instance:tabSquare.Test1@3e6ef8ad]" name="initialize" is-config="true" duration-ms="3307" started-at="2022-06-19T16:30:29Z" finished-at="2022-06-19T16:30:33Z">
          <reporter-output>
          </reporter-output>
        </test-method> <!-- initialize -->
        <test-method status="PASS" signature="validateOrderIsCreatedSuccesfullyForThreeItems()[pri:0, instance:tabSquare.Test1@3e6ef8ad]" name="validateOrderIsCreatedSuccesfullyForThreeItems" duration-ms="19040" started-at="2022-06-19T16:30:33Z" finished-at="2022-06-19T16:30:52Z">
          <reporter-output>
          </reporter-output>
        </test-method> <!-- validateOrderIsCreatedSuccesfullyForThreeItems -->
        <test-method status="PASS" signature="teardown()[pri:0, instance:tabSquare.Test1@3e6ef8ad]" name="teardown" is-config="true" duration-ms="716" started-at="2022-06-19T16:30:52Z" finished-at="2022-06-19T16:30:53Z">
          <reporter-output>
          </reporter-output>
        </test-method> <!-- teardown -->
      </class> <!-- tabSquare.Test1 -->
    </test> <!-- Publish Fails upon using long Article Title -->
  </suite> <!-- Suite -->
</testng-results>
